{"E:\\Projects\\facebook clone\\server\\src\\entities\\comment.entity.ts": {"path":"E:\\Projects\\facebook clone\\server\\src\\entities\\comment.entity.ts","statementMap":{"0":{"start":{"line":1,"column":0},"end":{"line":1,"column":53}},"1":{"start":{"line":2,"column":0},"end":{"line":2,"column":null}},"2":{"start":{"line":10,"column":0},"end":{"line":10,"column":58}},"3":{"start":{"line":11,"column":0},"end":{"line":11,"column":69}},"4":{"start":{"line":13,"column":0},"end":{"line":13,"column":37}},"5":{"start":{"line":14,"column":0},"end":{"line":14,"column":37}},"6":{"start":{"line":15,"column":0},"end":{"line":15,"column":39}},"7":{"start":{"line":19,"column":7},"end":{"line":54,"column":null}},"8":{"start":{"line":19,"column":13},"end":{"line":19,"column":20}},"9":{"start":{"line":22,"column":2},"end":{"line":22,"column":null}},"10":{"start":{"line":20,"column":15},"end":{"line":20,"column":21}},"11":{"start":{"line":26,"column":2},"end":{"line":26,"column":null}},"12":{"start":{"line":24,"column":15},"end":{"line":24,"column":32}},"13":{"start":{"line":30,"column":2},"end":{"line":30,"column":null}},"14":{"start":{"line":34,"column":2},"end":{"line":34,"column":null}},"15":{"start":{"line":32,"column":15},"end":{"line":32,"column":17}},"16":{"start":{"line":38,"column":2},"end":{"line":38,"column":null}},"17":{"start":{"line":36,"column":15},"end":{"line":36,"column":17}},"18":{"start":{"line":44,"column":2},"end":{"line":44,"column":null}},"19":{"start":{"line":41,"column":15},"end":{"line":41,"column":19}},"20":{"start":{"line":43,"column":19},"end":{"line":43,"column":23}},"21":{"start":{"line":43,"column":35},"end":{"line":43,"column":48}},"22":{"start":{"line":49,"column":2},"end":{"line":49,"column":null}},"23":{"start":{"line":46,"column":15},"end":{"line":46,"column":19}},"24":{"start":{"line":48,"column":19},"end":{"line":48,"column":23}},"25":{"start":{"line":48,"column":35},"end":{"line":48,"column":48}},"26":{"start":{"line":53,"column":2},"end":{"line":53,"column":null}},"27":{"start":{"line":51,"column":15},"end":{"line":51,"column":22}},"28":{"start":{"line":52,"column":19},"end":{"line":52,"column":24}},"29":{"start":{"line":52,"column":37},"end":{"line":52,"column":50}},"30":{"start":{"line":19,"column":13},"end":{"line":54,"column":null}}},"fnMap":{"0":{"name":"(anonymous_2)","decl":{"start":{"line":20,"column":9},"end":{"line":20,"column":12}},"loc":{"start":{"line":20,"column":15},"end":{"line":20,"column":21}}},"1":{"name":"(anonymous_3)","decl":{"start":{"line":24,"column":9},"end":{"line":24,"column":12}},"loc":{"start":{"line":24,"column":15},"end":{"line":24,"column":32}}},"2":{"name":"(anonymous_4)","decl":{"start":{"line":32,"column":9},"end":{"line":32,"column":12}},"loc":{"start":{"line":32,"column":15},"end":{"line":32,"column":17}}},"3":{"name":"(anonymous_5)","decl":{"start":{"line":36,"column":9},"end":{"line":36,"column":12}},"loc":{"start":{"line":36,"column":15},"end":{"line":36,"column":17}}},"4":{"name":"(anonymous_6)","decl":{"start":{"line":41,"column":9},"end":{"line":41,"column":12}},"loc":{"start":{"line":41,"column":15},"end":{"line":41,"column":19}}},"5":{"name":"(anonymous_7)","decl":{"start":{"line":43,"column":13},"end":{"line":43,"column":16}},"loc":{"start":{"line":43,"column":19},"end":{"line":43,"column":23}}},"6":{"name":"(anonymous_8)","decl":{"start":{"line":43,"column":25},"end":{"line":43,"column":26}},"loc":{"start":{"line":43,"column":35},"end":{"line":43,"column":48}}},"7":{"name":"(anonymous_9)","decl":{"start":{"line":46,"column":9},"end":{"line":46,"column":12}},"loc":{"start":{"line":46,"column":15},"end":{"line":46,"column":19}}},"8":{"name":"(anonymous_10)","decl":{"start":{"line":48,"column":13},"end":{"line":48,"column":16}},"loc":{"start":{"line":48,"column":19},"end":{"line":48,"column":23}}},"9":{"name":"(anonymous_11)","decl":{"start":{"line":48,"column":25},"end":{"line":48,"column":26}},"loc":{"start":{"line":48,"column":35},"end":{"line":48,"column":48}}},"10":{"name":"(anonymous_12)","decl":{"start":{"line":51,"column":9},"end":{"line":51,"column":12}},"loc":{"start":{"line":51,"column":15},"end":{"line":51,"column":22}}},"11":{"name":"(anonymous_13)","decl":{"start":{"line":52,"column":13},"end":{"line":52,"column":16}},"loc":{"start":{"line":52,"column":19},"end":{"line":52,"column":24}}},"12":{"name":"(anonymous_14)","decl":{"start":{"line":52,"column":26},"end":{"line":52,"column":27}},"loc":{"start":{"line":52,"column":37},"end":{"line":52,"column":50}}}},"branchMap":{},"s":{"0":1,"1":1,"2":1,"3":1,"4":1,"5":1,"6":1,"7":1,"8":1,"9":1,"10":0,"11":1,"12":0,"13":1,"14":1,"15":0,"16":1,"17":0,"18":1,"19":0,"20":0,"21":0,"22":1,"23":0,"24":0,"25":0,"26":1,"27":0,"28":0,"29":0,"30":1},"f":{"0":0,"1":0,"2":0,"3":0,"4":0,"5":0,"6":0,"7":0,"8":0,"9":0,"10":0,"11":0,"12":0},"b":{}}
,"E:\\Projects\\facebook clone\\server\\src\\entities\\follow.entity.ts": {"path":"E:\\Projects\\facebook clone\\server\\src\\entities\\follow.entity.ts","statementMap":{"0":{"start":{"line":1,"column":0},"end":{"line":1,"column":53}},"1":{"start":{"line":2,"column":0},"end":{"line":2,"column":58}},"2":{"start":{"line":3,"column":0},"end":{"line":3,"column":74}},"3":{"start":{"line":4,"column":0},"end":{"line":4,"column":37}},"4":{"start":{"line":5,"column":0},"end":{"line":5,"column":37}},"5":{"start":{"line":9,"column":7},"end":{"line":37,"column":null}},"6":{"start":{"line":9,"column":13},"end":{"line":9,"column":19}},"7":{"start":{"line":12,"column":4},"end":{"line":12,"column":null}},"8":{"start":{"line":10,"column":17},"end":{"line":10,"column":19}},"9":{"start":{"line":16,"column":4},"end":{"line":16,"column":null}},"10":{"start":{"line":14,"column":17},"end":{"line":14,"column":19}},"11":{"start":{"line":20,"column":4},"end":{"line":20,"column":null}},"12":{"start":{"line":18,"column":17},"end":{"line":18,"column":19}},"13":{"start":{"line":26,"column":4},"end":{"line":26,"column":null}},"14":{"start":{"line":23,"column":17},"end":{"line":23,"column":21}},"15":{"start":{"line":25,"column":21},"end":{"line":25,"column":25}},"16":{"start":{"line":25,"column":35},"end":{"line":25,"column":49}},"17":{"start":{"line":31,"column":4},"end":{"line":31,"column":null}},"18":{"start":{"line":28,"column":17},"end":{"line":28,"column":21}},"19":{"start":{"line":30,"column":21},"end":{"line":30,"column":25}},"20":{"start":{"line":30,"column":35},"end":{"line":30,"column":49}},"21":{"start":{"line":36,"column":4},"end":{"line":36,"column":null}},"22":{"start":{"line":33,"column":17},"end":{"line":33,"column":21}},"23":{"start":{"line":35,"column":21},"end":{"line":35,"column":25}},"24":{"start":{"line":35,"column":35},"end":{"line":35,"column":50}},"25":{"start":{"line":9,"column":13},"end":{"line":37,"column":null}}},"fnMap":{"0":{"name":"(anonymous_2)","decl":{"start":{"line":10,"column":11},"end":{"line":10,"column":14}},"loc":{"start":{"line":10,"column":17},"end":{"line":10,"column":19}}},"1":{"name":"(anonymous_3)","decl":{"start":{"line":14,"column":11},"end":{"line":14,"column":14}},"loc":{"start":{"line":14,"column":17},"end":{"line":14,"column":19}}},"2":{"name":"(anonymous_4)","decl":{"start":{"line":18,"column":11},"end":{"line":18,"column":14}},"loc":{"start":{"line":18,"column":17},"end":{"line":18,"column":19}}},"3":{"name":"(anonymous_5)","decl":{"start":{"line":23,"column":11},"end":{"line":23,"column":14}},"loc":{"start":{"line":23,"column":17},"end":{"line":23,"column":21}}},"4":{"name":"(anonymous_6)","decl":{"start":{"line":25,"column":15},"end":{"line":25,"column":18}},"loc":{"start":{"line":25,"column":21},"end":{"line":25,"column":25}}},"5":{"name":"(anonymous_7)","decl":{"start":{"line":25,"column":27},"end":{"line":25,"column":31}},"loc":{"start":{"line":25,"column":35},"end":{"line":25,"column":49}}},"6":{"name":"(anonymous_8)","decl":{"start":{"line":28,"column":11},"end":{"line":28,"column":14}},"loc":{"start":{"line":28,"column":17},"end":{"line":28,"column":21}}},"7":{"name":"(anonymous_9)","decl":{"start":{"line":30,"column":15},"end":{"line":30,"column":18}},"loc":{"start":{"line":30,"column":21},"end":{"line":30,"column":25}}},"8":{"name":"(anonymous_10)","decl":{"start":{"line":30,"column":27},"end":{"line":30,"column":31}},"loc":{"start":{"line":30,"column":35},"end":{"line":30,"column":49}}},"9":{"name":"(anonymous_11)","decl":{"start":{"line":33,"column":11},"end":{"line":33,"column":14}},"loc":{"start":{"line":33,"column":17},"end":{"line":33,"column":21}}},"10":{"name":"(anonymous_12)","decl":{"start":{"line":35,"column":15},"end":{"line":35,"column":18}},"loc":{"start":{"line":35,"column":21},"end":{"line":35,"column":25}}},"11":{"name":"(anonymous_13)","decl":{"start":{"line":35,"column":27},"end":{"line":35,"column":31}},"loc":{"start":{"line":35,"column":35},"end":{"line":35,"column":50}}}},"branchMap":{},"s":{"0":1,"1":1,"2":1,"3":1,"4":1,"5":1,"6":1,"7":1,"8":0,"9":1,"10":0,"11":1,"12":0,"13":1,"14":0,"15":0,"16":0,"17":1,"18":0,"19":0,"20":0,"21":1,"22":0,"23":0,"24":0,"25":1},"f":{"0":0,"1":0,"2":0,"3":0,"4":0,"5":0,"6":0,"7":0,"8":0,"9":0,"10":0,"11":0},"b":{}}
,"E:\\Projects\\facebook clone\\server\\src\\entities\\notification.entity.ts": {"path":"E:\\Projects\\facebook clone\\server\\src\\entities\\notification.entity.ts","statementMap":{"0":{"start":{"line":1,"column":0},"end":{"line":1,"column":53}},"1":{"start":{"line":2,"column":0},"end":{"line":2,"column":74}},"2":{"start":{"line":3,"column":0},"end":{"line":3,"column":58}},"3":{"start":{"line":4,"column":0},"end":{"line":4,"column":37}},"4":{"start":{"line":5,"column":0},"end":{"line":5,"column":67}},"5":{"start":{"line":9,"column":7},"end":{"line":41,"column":null}},"6":{"start":{"line":9,"column":13},"end":{"line":9,"column":25}},"7":{"start":{"line":12,"column":2},"end":{"line":12,"column":null}},"8":{"start":{"line":10,"column":15},"end":{"line":10,"column":21}},"9":{"start":{"line":16,"column":2},"end":{"line":16,"column":null}},"10":{"start":{"line":14,"column":15},"end":{"line":14,"column":31}},"11":{"start":{"line":20,"column":2},"end":{"line":20,"column":null}},"12":{"start":{"line":18,"column":15},"end":{"line":18,"column":17}},"13":{"start":{"line":24,"column":2},"end":{"line":24,"column":null}},"14":{"start":{"line":22,"column":15},"end":{"line":22,"column":17}},"15":{"start":{"line":29,"column":2},"end":{"line":29,"column":null}},"16":{"start":{"line":27,"column":15},"end":{"line":27,"column":17}},"17":{"start":{"line":35,"column":2},"end":{"line":35,"column":null}},"18":{"start":{"line":32,"column":15},"end":{"line":32,"column":19}},"19":{"start":{"line":34,"column":19},"end":{"line":34,"column":23}},"20":{"start":{"line":34,"column":35},"end":{"line":34,"column":57}},"21":{"start":{"line":40,"column":2},"end":{"line":40,"column":null}},"22":{"start":{"line":37,"column":15},"end":{"line":37,"column":19}},"23":{"start":{"line":39,"column":19},"end":{"line":39,"column":23}},"24":{"start":{"line":39,"column":35},"end":{"line":39,"column":61}},"25":{"start":{"line":9,"column":13},"end":{"line":41,"column":null}}},"fnMap":{"0":{"name":"(anonymous_2)","decl":{"start":{"line":10,"column":9},"end":{"line":10,"column":12}},"loc":{"start":{"line":10,"column":15},"end":{"line":10,"column":21}}},"1":{"name":"(anonymous_3)","decl":{"start":{"line":14,"column":9},"end":{"line":14,"column":12}},"loc":{"start":{"line":14,"column":15},"end":{"line":14,"column":31}}},"2":{"name":"(anonymous_4)","decl":{"start":{"line":18,"column":9},"end":{"line":18,"column":12}},"loc":{"start":{"line":18,"column":15},"end":{"line":18,"column":17}}},"3":{"name":"(anonymous_5)","decl":{"start":{"line":22,"column":9},"end":{"line":22,"column":12}},"loc":{"start":{"line":22,"column":15},"end":{"line":22,"column":17}}},"4":{"name":"(anonymous_6)","decl":{"start":{"line":27,"column":9},"end":{"line":27,"column":12}},"loc":{"start":{"line":27,"column":15},"end":{"line":27,"column":17}}},"5":{"name":"(anonymous_7)","decl":{"start":{"line":32,"column":9},"end":{"line":32,"column":12}},"loc":{"start":{"line":32,"column":15},"end":{"line":32,"column":19}}},"6":{"name":"(anonymous_8)","decl":{"start":{"line":34,"column":13},"end":{"line":34,"column":16}},"loc":{"start":{"line":34,"column":19},"end":{"line":34,"column":23}}},"7":{"name":"(anonymous_9)","decl":{"start":{"line":34,"column":25},"end":{"line":34,"column":26}},"loc":{"start":{"line":34,"column":35},"end":{"line":34,"column":57}}},"8":{"name":"(anonymous_10)","decl":{"start":{"line":37,"column":9},"end":{"line":37,"column":12}},"loc":{"start":{"line":37,"column":15},"end":{"line":37,"column":19}}},"9":{"name":"(anonymous_11)","decl":{"start":{"line":39,"column":13},"end":{"line":39,"column":16}},"loc":{"start":{"line":39,"column":19},"end":{"line":39,"column":23}}},"10":{"name":"(anonymous_12)","decl":{"start":{"line":39,"column":25},"end":{"line":39,"column":26}},"loc":{"start":{"line":39,"column":35},"end":{"line":39,"column":61}}}},"branchMap":{},"s":{"0":1,"1":1,"2":1,"3":1,"4":1,"5":1,"6":1,"7":1,"8":0,"9":1,"10":0,"11":1,"12":0,"13":1,"14":0,"15":1,"16":0,"17":1,"18":0,"19":0,"20":0,"21":1,"22":0,"23":0,"24":0,"25":1},"f":{"0":0,"1":0,"2":0,"3":0,"4":0,"5":0,"6":0,"7":0,"8":0,"9":0,"10":0},"b":{}}
,"E:\\Projects\\facebook clone\\server\\src\\entities\\page.entity.ts": {"path":"E:\\Projects\\facebook clone\\server\\src\\entities\\page.entity.ts","statementMap":{"0":{"start":{"line":1,"column":0},"end":{"line":1,"column":53}},"1":{"start":{"line":2,"column":0},"end":{"line":2,"column":null}},"2":{"start":{"line":10,"column":0},"end":{"line":10,"column":58}},"3":{"start":{"line":11,"column":0},"end":{"line":11,"column":69}},"4":{"start":{"line":13,"column":0},"end":{"line":13,"column":37}},"5":{"start":{"line":14,"column":0},"end":{"line":14,"column":41}},"6":{"start":{"line":15,"column":0},"end":{"line":15,"column":37}},"7":{"start":{"line":19,"column":7},"end":{"line":49,"column":null}},"8":{"start":{"line":19,"column":13},"end":{"line":19,"column":17}},"9":{"start":{"line":22,"column":2},"end":{"line":22,"column":null}},"10":{"start":{"line":20,"column":15},"end":{"line":20,"column":30}},"11":{"start":{"line":26,"column":2},"end":{"line":26,"column":null}},"12":{"start":{"line":24,"column":15},"end":{"line":24,"column":30}},"13":{"start":{"line":30,"column":2},"end":{"line":30,"column":null}},"14":{"start":{"line":34,"column":2},"end":{"line":34,"column":null}},"15":{"start":{"line":32,"column":15},"end":{"line":32,"column":17}},"16":{"start":{"line":40,"column":2},"end":{"line":40,"column":null}},"17":{"start":{"line":37,"column":15},"end":{"line":37,"column":19}},"18":{"start":{"line":39,"column":19},"end":{"line":39,"column":23}},"19":{"start":{"line":39,"column":35},"end":{"line":39,"column":45}},"20":{"start":{"line":44,"column":2},"end":{"line":44,"column":null}},"21":{"start":{"line":42,"column":15},"end":{"line":42,"column":23}},"22":{"start":{"line":43,"column":19},"end":{"line":43,"column":25}},"23":{"start":{"line":43,"column":39},"end":{"line":43,"column":59}},"24":{"start":{"line":48,"column":2},"end":{"line":48,"column":null}},"25":{"start":{"line":46,"column":15},"end":{"line":46,"column":21}},"26":{"start":{"line":47,"column":19},"end":{"line":47,"column":23}},"27":{"start":{"line":47,"column":35},"end":{"line":47,"column":44}},"28":{"start":{"line":19,"column":13},"end":{"line":49,"column":null}}},"fnMap":{"0":{"name":"(anonymous_2)","decl":{"start":{"line":20,"column":9},"end":{"line":20,"column":12}},"loc":{"start":{"line":20,"column":15},"end":{"line":20,"column":30}}},"1":{"name":"(anonymous_3)","decl":{"start":{"line":24,"column":9},"end":{"line":24,"column":12}},"loc":{"start":{"line":24,"column":15},"end":{"line":24,"column":30}}},"2":{"name":"(anonymous_4)","decl":{"start":{"line":32,"column":9},"end":{"line":32,"column":12}},"loc":{"start":{"line":32,"column":15},"end":{"line":32,"column":17}}},"3":{"name":"(anonymous_5)","decl":{"start":{"line":37,"column":9},"end":{"line":37,"column":12}},"loc":{"start":{"line":37,"column":15},"end":{"line":37,"column":19}}},"4":{"name":"(anonymous_6)","decl":{"start":{"line":39,"column":13},"end":{"line":39,"column":16}},"loc":{"start":{"line":39,"column":19},"end":{"line":39,"column":23}}},"5":{"name":"(anonymous_7)","decl":{"start":{"line":39,"column":25},"end":{"line":39,"column":26}},"loc":{"start":{"line":39,"column":35},"end":{"line":39,"column":45}}},"6":{"name":"(anonymous_8)","decl":{"start":{"line":42,"column":9},"end":{"line":42,"column":12}},"loc":{"start":{"line":42,"column":15},"end":{"line":42,"column":23}}},"7":{"name":"(anonymous_9)","decl":{"start":{"line":43,"column":13},"end":{"line":43,"column":16}},"loc":{"start":{"line":43,"column":19},"end":{"line":43,"column":25}}},"8":{"name":"(anonymous_10)","decl":{"start":{"line":43,"column":27},"end":{"line":43,"column":28}},"loc":{"start":{"line":43,"column":39},"end":{"line":43,"column":59}}},"9":{"name":"(anonymous_11)","decl":{"start":{"line":46,"column":9},"end":{"line":46,"column":12}},"loc":{"start":{"line":46,"column":15},"end":{"line":46,"column":21}}},"10":{"name":"(anonymous_12)","decl":{"start":{"line":47,"column":13},"end":{"line":47,"column":16}},"loc":{"start":{"line":47,"column":19},"end":{"line":47,"column":23}}},"11":{"name":"(anonymous_13)","decl":{"start":{"line":47,"column":25},"end":{"line":47,"column":26}},"loc":{"start":{"line":47,"column":35},"end":{"line":47,"column":44}}}},"branchMap":{},"s":{"0":1,"1":1,"2":1,"3":1,"4":1,"5":1,"6":1,"7":1,"8":1,"9":1,"10":0,"11":1,"12":0,"13":1,"14":1,"15":0,"16":1,"17":0,"18":0,"19":0,"20":1,"21":0,"22":0,"23":0,"24":1,"25":0,"26":0,"27":0,"28":1},"f":{"0":0,"1":0,"2":0,"3":0,"4":0,"5":0,"6":0,"7":0,"8":0,"9":0,"10":0,"11":0},"b":{}}
,"E:\\Projects\\facebook clone\\server\\src\\entities\\post.entity.ts": {"path":"E:\\Projects\\facebook clone\\server\\src\\entities\\post.entity.ts","statementMap":{"0":{"start":{"line":1,"column":0},"end":{"line":1,"column":53}},"1":{"start":{"line":2,"column":0},"end":{"line":2,"column":null}},"2":{"start":{"line":10,"column":0},"end":{"line":10,"column":58}},"3":{"start":{"line":12,"column":0},"end":{"line":12,"column":69}},"4":{"start":{"line":13,"column":0},"end":{"line":13,"column":37}},"5":{"start":{"line":14,"column":0},"end":{"line":14,"column":37}},"6":{"start":{"line":15,"column":0},"end":{"line":15,"column":43}},"7":{"start":{"line":16,"column":0},"end":{"line":16,"column":39}},"8":{"start":{"line":20,"column":7},"end":{"line":60,"column":null}},"9":{"start":{"line":20,"column":13},"end":{"line":20,"column":17}},"10":{"start":{"line":23,"column":2},"end":{"line":23,"column":null}},"11":{"start":{"line":21,"column":15},"end":{"line":21,"column":21}},"12":{"start":{"line":27,"column":2},"end":{"line":27,"column":null}},"13":{"start":{"line":25,"column":15},"end":{"line":25,"column":32}},"14":{"start":{"line":31,"column":2},"end":{"line":31,"column":null}},"15":{"start":{"line":29,"column":15},"end":{"line":29,"column":22}},"16":{"start":{"line":35,"column":2},"end":{"line":35,"column":null}},"17":{"start":{"line":33,"column":15},"end":{"line":33,"column":17}},"18":{"start":{"line":40,"column":2},"end":{"line":40,"column":null}},"19":{"start":{"line":38,"column":15},"end":{"line":38,"column":21}},"20":{"start":{"line":46,"column":2},"end":{"line":46,"column":null}},"21":{"start":{"line":43,"column":15},"end":{"line":43,"column":19}},"22":{"start":{"line":45,"column":19},"end":{"line":45,"column":23}},"23":{"start":{"line":45,"column":35},"end":{"line":45,"column":45}},"24":{"start":{"line":51,"column":2},"end":{"line":51,"column":null}},"25":{"start":{"line":48,"column":15},"end":{"line":48,"column":19}},"26":{"start":{"line":50,"column":19},"end":{"line":50,"column":23}},"27":{"start":{"line":50,"column":35},"end":{"line":50,"column":45}},"28":{"start":{"line":55,"column":2},"end":{"line":55,"column":null}},"29":{"start":{"line":53,"column":15},"end":{"line":53,"column":24}},"30":{"start":{"line":54,"column":19},"end":{"line":54,"column":26}},"31":{"start":{"line":54,"column":41},"end":{"line":54,"column":53}},"32":{"start":{"line":59,"column":2},"end":{"line":59,"column":null}},"33":{"start":{"line":57,"column":15},"end":{"line":57,"column":22}},"34":{"start":{"line":58,"column":19},"end":{"line":58,"column":24}},"35":{"start":{"line":58,"column":37},"end":{"line":58,"column":47}},"36":{"start":{"line":20,"column":13},"end":{"line":60,"column":null}}},"fnMap":{"0":{"name":"(anonymous_2)","decl":{"start":{"line":21,"column":9},"end":{"line":21,"column":12}},"loc":{"start":{"line":21,"column":15},"end":{"line":21,"column":21}}},"1":{"name":"(anonymous_3)","decl":{"start":{"line":25,"column":9},"end":{"line":25,"column":12}},"loc":{"start":{"line":25,"column":15},"end":{"line":25,"column":32}}},"2":{"name":"(anonymous_4)","decl":{"start":{"line":29,"column":9},"end":{"line":29,"column":12}},"loc":{"start":{"line":29,"column":15},"end":{"line":29,"column":22}}},"3":{"name":"(anonymous_5)","decl":{"start":{"line":33,"column":9},"end":{"line":33,"column":12}},"loc":{"start":{"line":33,"column":15},"end":{"line":33,"column":17}}},"4":{"name":"(anonymous_6)","decl":{"start":{"line":38,"column":9},"end":{"line":38,"column":12}},"loc":{"start":{"line":38,"column":15},"end":{"line":38,"column":21}}},"5":{"name":"(anonymous_7)","decl":{"start":{"line":43,"column":9},"end":{"line":43,"column":12}},"loc":{"start":{"line":43,"column":15},"end":{"line":43,"column":19}}},"6":{"name":"(anonymous_8)","decl":{"start":{"line":45,"column":13},"end":{"line":45,"column":16}},"loc":{"start":{"line":45,"column":19},"end":{"line":45,"column":23}}},"7":{"name":"(anonymous_9)","decl":{"start":{"line":45,"column":25},"end":{"line":45,"column":26}},"loc":{"start":{"line":45,"column":35},"end":{"line":45,"column":45}}},"8":{"name":"(anonymous_10)","decl":{"start":{"line":48,"column":9},"end":{"line":48,"column":12}},"loc":{"start":{"line":48,"column":15},"end":{"line":48,"column":19}}},"9":{"name":"(anonymous_11)","decl":{"start":{"line":50,"column":13},"end":{"line":50,"column":16}},"loc":{"start":{"line":50,"column":19},"end":{"line":50,"column":23}}},"10":{"name":"(anonymous_12)","decl":{"start":{"line":50,"column":25},"end":{"line":50,"column":26}},"loc":{"start":{"line":50,"column":35},"end":{"line":50,"column":45}}},"11":{"name":"(anonymous_13)","decl":{"start":{"line":53,"column":9},"end":{"line":53,"column":12}},"loc":{"start":{"line":53,"column":15},"end":{"line":53,"column":24}}},"12":{"name":"(anonymous_14)","decl":{"start":{"line":54,"column":13},"end":{"line":54,"column":16}},"loc":{"start":{"line":54,"column":19},"end":{"line":54,"column":26}}},"13":{"name":"(anonymous_15)","decl":{"start":{"line":54,"column":28},"end":{"line":54,"column":29}},"loc":{"start":{"line":54,"column":41},"end":{"line":54,"column":53}}},"14":{"name":"(anonymous_16)","decl":{"start":{"line":57,"column":9},"end":{"line":57,"column":12}},"loc":{"start":{"line":57,"column":15},"end":{"line":57,"column":22}}},"15":{"name":"(anonymous_17)","decl":{"start":{"line":58,"column":13},"end":{"line":58,"column":16}},"loc":{"start":{"line":58,"column":19},"end":{"line":58,"column":24}}},"16":{"name":"(anonymous_18)","decl":{"start":{"line":58,"column":26},"end":{"line":58,"column":27}},"loc":{"start":{"line":58,"column":37},"end":{"line":58,"column":47}}}},"branchMap":{},"s":{"0":1,"1":1,"2":1,"3":1,"4":1,"5":1,"6":1,"7":1,"8":1,"9":1,"10":1,"11":0,"12":1,"13":0,"14":1,"15":0,"16":1,"17":0,"18":1,"19":0,"20":1,"21":0,"22":0,"23":0,"24":1,"25":0,"26":0,"27":0,"28":1,"29":0,"30":0,"31":0,"32":1,"33":0,"34":0,"35":0,"36":1},"f":{"0":0,"1":0,"2":0,"3":0,"4":0,"5":0,"6":0,"7":0,"8":0,"9":0,"10":0,"11":0,"12":0,"13":0,"14":0,"15":0,"16":0},"b":{}}
,"E:\\Projects\\facebook clone\\server\\src\\entities\\react.entity.ts": {"path":"E:\\Projects\\facebook clone\\server\\src\\entities\\react.entity.ts","statementMap":{"0":{"start":{"line":1,"column":0},"end":{"line":1,"column":53}},"1":{"start":{"line":2,"column":0},"end":{"line":2,"column":50}},"2":{"start":{"line":3,"column":0},"end":{"line":3,"column":52}},"3":{"start":{"line":4,"column":0},"end":{"line":4,"column":74}},"4":{"start":{"line":5,"column":0},"end":{"line":5,"column":58}},"5":{"start":{"line":6,"column":0},"end":{"line":6,"column":37}},"6":{"start":{"line":7,"column":0},"end":{"line":7,"column":37}},"7":{"start":{"line":8,"column":0},"end":{"line":8,"column":43}},"8":{"start":{"line":12,"column":7},"end":{"line":48,"column":null}},"9":{"start":{"line":12,"column":13},"end":{"line":12,"column":18}},"10":{"start":{"line":15,"column":2},"end":{"line":15,"column":null}},"11":{"start":{"line":13,"column":15},"end":{"line":13,"column":23}},"12":{"start":{"line":19,"column":2},"end":{"line":19,"column":null}},"13":{"start":{"line":17,"column":15},"end":{"line":17,"column":24}},"14":{"start":{"line":23,"column":2},"end":{"line":23,"column":null}},"15":{"start":{"line":27,"column":2},"end":{"line":27,"column":null}},"16":{"start":{"line":25,"column":15},"end":{"line":25,"column":17}},"17":{"start":{"line":31,"column":2},"end":{"line":31,"column":null}},"18":{"start":{"line":29,"column":15},"end":{"line":29,"column":17}},"19":{"start":{"line":37,"column":2},"end":{"line":37,"column":null}},"20":{"start":{"line":34,"column":15},"end":{"line":34,"column":19}},"21":{"start":{"line":36,"column":19},"end":{"line":36,"column":23}},"22":{"start":{"line":36,"column":35},"end":{"line":36,"column":46}},"23":{"start":{"line":42,"column":2},"end":{"line":42,"column":null}},"24":{"start":{"line":39,"column":15},"end":{"line":39,"column":19}},"25":{"start":{"line":41,"column":19},"end":{"line":41,"column":23}},"26":{"start":{"line":41,"column":35},"end":{"line":41,"column":46}},"27":{"start":{"line":47,"column":2},"end":{"line":47,"column":null}},"28":{"start":{"line":44,"column":15},"end":{"line":44,"column":22}},"29":{"start":{"line":46,"column":19},"end":{"line":46,"column":26}},"30":{"start":{"line":46,"column":41},"end":{"line":46,"column":55}},"31":{"start":{"line":12,"column":13},"end":{"line":48,"column":null}}},"fnMap":{"0":{"name":"(anonymous_2)","decl":{"start":{"line":13,"column":9},"end":{"line":13,"column":12}},"loc":{"start":{"line":13,"column":15},"end":{"line":13,"column":23}}},"1":{"name":"(anonymous_3)","decl":{"start":{"line":17,"column":9},"end":{"line":17,"column":12}},"loc":{"start":{"line":17,"column":15},"end":{"line":17,"column":24}}},"2":{"name":"(anonymous_4)","decl":{"start":{"line":25,"column":9},"end":{"line":25,"column":12}},"loc":{"start":{"line":25,"column":15},"end":{"line":25,"column":17}}},"3":{"name":"(anonymous_5)","decl":{"start":{"line":29,"column":9},"end":{"line":29,"column":12}},"loc":{"start":{"line":29,"column":15},"end":{"line":29,"column":17}}},"4":{"name":"(anonymous_6)","decl":{"start":{"line":34,"column":9},"end":{"line":34,"column":12}},"loc":{"start":{"line":34,"column":15},"end":{"line":34,"column":19}}},"5":{"name":"(anonymous_7)","decl":{"start":{"line":36,"column":13},"end":{"line":36,"column":16}},"loc":{"start":{"line":36,"column":19},"end":{"line":36,"column":23}}},"6":{"name":"(anonymous_8)","decl":{"start":{"line":36,"column":25},"end":{"line":36,"column":26}},"loc":{"start":{"line":36,"column":35},"end":{"line":36,"column":46}}},"7":{"name":"(anonymous_9)","decl":{"start":{"line":39,"column":9},"end":{"line":39,"column":12}},"loc":{"start":{"line":39,"column":15},"end":{"line":39,"column":19}}},"8":{"name":"(anonymous_10)","decl":{"start":{"line":41,"column":13},"end":{"line":41,"column":16}},"loc":{"start":{"line":41,"column":19},"end":{"line":41,"column":23}}},"9":{"name":"(anonymous_11)","decl":{"start":{"line":41,"column":25},"end":{"line":41,"column":26}},"loc":{"start":{"line":41,"column":35},"end":{"line":41,"column":46}}},"10":{"name":"(anonymous_12)","decl":{"start":{"line":44,"column":9},"end":{"line":44,"column":12}},"loc":{"start":{"line":44,"column":15},"end":{"line":44,"column":22}}},"11":{"name":"(anonymous_13)","decl":{"start":{"line":46,"column":13},"end":{"line":46,"column":16}},"loc":{"start":{"line":46,"column":19},"end":{"line":46,"column":26}}},"12":{"name":"(anonymous_14)","decl":{"start":{"line":46,"column":28},"end":{"line":46,"column":29}},"loc":{"start":{"line":46,"column":41},"end":{"line":46,"column":55}}}},"branchMap":{},"s":{"0":1,"1":1,"2":1,"3":1,"4":1,"5":1,"6":1,"7":1,"8":1,"9":1,"10":1,"11":0,"12":1,"13":0,"14":1,"15":1,"16":0,"17":1,"18":0,"19":1,"20":0,"21":0,"22":0,"23":1,"24":0,"25":0,"26":0,"27":1,"28":0,"29":0,"30":0,"31":1},"f":{"0":0,"1":0,"2":0,"3":0,"4":0,"5":0,"6":0,"7":0,"8":0,"9":0,"10":0,"11":0,"12":0},"b":{}}
,"E:\\Projects\\facebook clone\\server\\src\\entities\\user.entity.ts": {"path":"E:\\Projects\\facebook clone\\server\\src\\entities\\user.entity.ts","statementMap":{"0":{"start":{"line":1,"column":0},"end":{"line":1,"column":49}},"1":{"start":{"line":2,"column":0},"end":{"line":2,"column":76}},"2":{"start":{"line":3,"column":0},"end":{"line":3,"column":58}},"3":{"start":{"line":4,"column":0},"end":{"line":4,"column":44}},"4":{"start":{"line":6,"column":0},"end":{"line":6,"column":69}},"5":{"start":{"line":7,"column":0},"end":{"line":7,"column":37}},"6":{"start":{"line":8,"column":0},"end":{"line":8,"column":43}},"7":{"start":{"line":9,"column":0},"end":{"line":9,"column":39}},"8":{"start":{"line":10,"column":0},"end":{"line":10,"column":37}},"9":{"start":{"line":11,"column":0},"end":{"line":11,"column":53}},"10":{"start":{"line":12,"column":0},"end":{"line":12,"column":41}},"11":{"start":{"line":13,"column":0},"end":{"line":13,"column":46}},"12":{"start":{"line":15,"column":19},"end":{"line":15,"column":45}},"13":{"start":{"line":19,"column":7},"end":{"line":113,"column":null}},"14":{"start":{"line":92,"column":4},"end":{"line":104,"column":5}},"15":{"start":{"line":93,"column":6},"end":{"line":103,"column":7}},"16":{"start":{"line":94,"column":8},"end":{"line":97,"column":10}},"17":{"start":{"line":98,"column":13},"end":{"line":103,"column":7}},"18":{"start":{"line":99,"column":8},"end":{"line":102,"column":10}},"19":{"start":{"line":106,"column":4},"end":{"line":111,"column":5}},"20":{"start":{"line":107,"column":6},"end":{"line":110,"column":8}},"21":{"start":{"line":19,"column":13},"end":{"line":19,"column":17}},"22":{"start":{"line":22,"column":2},"end":{"line":22,"column":null}},"23":{"start":{"line":26,"column":2},"end":{"line":26,"column":null}},"24":{"start":{"line":34,"column":2},"end":{"line":34,"column":null}},"25":{"start":{"line":37,"column":2},"end":{"line":37,"column":null}},"26":{"start":{"line":40,"column":2},"end":{"line":40,"column":null}},"27":{"start":{"line":44,"column":2},"end":{"line":44,"column":null}},"28":{"start":{"line":42,"column":15},"end":{"line":42,"column":20}},"29":{"start":{"line":48,"column":2},"end":{"line":48,"column":null}},"30":{"start":{"line":46,"column":15},"end":{"line":46,"column":30}},"31":{"start":{"line":52,"column":2},"end":{"line":52,"column":null}},"32":{"start":{"line":50,"column":15},"end":{"line":50,"column":30}},"33":{"start":{"line":56,"column":2},"end":{"line":56,"column":null}},"34":{"start":{"line":54,"column":15},"end":{"line":54,"column":21}},"35":{"start":{"line":61,"column":2},"end":{"line":61,"column":null}},"36":{"start":{"line":59,"column":15},"end":{"line":59,"column":21}},"37":{"start":{"line":60,"column":19},"end":{"line":60,"column":23}},"38":{"start":{"line":60,"column":36},"end":{"line":60,"column":46}},"39":{"start":{"line":65,"column":2},"end":{"line":65,"column":null}},"40":{"start":{"line":63,"column":15},"end":{"line":63,"column":24}},"41":{"start":{"line":64,"column":19},"end":{"line":64,"column":26}},"42":{"start":{"line":64,"column":42},"end":{"line":64,"column":55}},"43":{"start":{"line":69,"column":2},"end":{"line":69,"column":null}},"44":{"start":{"line":67,"column":15},"end":{"line":67,"column":22}},"45":{"start":{"line":68,"column":19},"end":{"line":68,"column":24}},"46":{"start":{"line":68,"column":38},"end":{"line":68,"column":49}},"47":{"start":{"line":73,"column":2},"end":{"line":73,"column":null}},"48":{"start":{"line":71,"column":15},"end":{"line":71,"column":21}},"49":{"start":{"line":72,"column":19},"end":{"line":72,"column":23}},"50":{"start":{"line":72,"column":35},"end":{"line":72,"column":44}},"51":{"start":{"line":77,"column":2},"end":{"line":77,"column":null}},"52":{"start":{"line":75,"column":15},"end":{"line":75,"column":23}},"53":{"start":{"line":76,"column":19},"end":{"line":76,"column":25}},"54":{"start":{"line":76,"column":39},"end":{"line":76,"column":59}},"55":{"start":{"line":81,"column":2},"end":{"line":81,"column":null}},"56":{"start":{"line":79,"column":15},"end":{"line":79,"column":23}},"57":{"start":{"line":80,"column":19},"end":{"line":80,"column":25}},"58":{"start":{"line":80,"column":39},"end":{"line":80,"column":54}},"59":{"start":{"line":84,"column":2},"end":{"line":84,"column":null}},"60":{"start":{"line":83,"column":19},"end":{"line":83,"column":31}},"61":{"start":{"line":83,"column":51},"end":{"line":83,"column":70}},"62":{"start":{"line":87,"column":2},"end":{"line":87,"column":null}},"63":{"start":{"line":86,"column":19},"end":{"line":86,"column":31}},"64":{"start":{"line":86,"column":51},"end":{"line":86,"column":72}},"65":{"start":{"line":91,"column":2},"end":{"line":112,"column":null}},"66":{"start":{"line":19,"column":13},"end":{"line":113,"column":null}}},"fnMap":{"0":{"name":"(anonymous_2)","decl":{"start":{"line":91,"column":2},"end":{"line":91,"column":17}},"loc":{"start":{"line":91,"column":17},"end":{"line":112,"column":3}}},"1":{"name":"(anonymous_3)","decl":{"start":{"line":42,"column":9},"end":{"line":42,"column":12}},"loc":{"start":{"line":42,"column":15},"end":{"line":42,"column":20}}},"2":{"name":"(anonymous_4)","decl":{"start":{"line":46,"column":9},"end":{"line":46,"column":12}},"loc":{"start":{"line":46,"column":15},"end":{"line":46,"column":30}}},"3":{"name":"(anonymous_5)","decl":{"start":{"line":50,"column":9},"end":{"line":50,"column":12}},"loc":{"start":{"line":50,"column":15},"end":{"line":50,"column":30}}},"4":{"name":"(anonymous_6)","decl":{"start":{"line":54,"column":9},"end":{"line":54,"column":12}},"loc":{"start":{"line":54,"column":15},"end":{"line":54,"column":21}}},"5":{"name":"(anonymous_7)","decl":{"start":{"line":59,"column":9},"end":{"line":59,"column":12}},"loc":{"start":{"line":59,"column":15},"end":{"line":59,"column":21}}},"6":{"name":"(anonymous_8)","decl":{"start":{"line":60,"column":13},"end":{"line":60,"column":16}},"loc":{"start":{"line":60,"column":19},"end":{"line":60,"column":23}}},"7":{"name":"(anonymous_9)","decl":{"start":{"line":60,"column":25},"end":{"line":60,"column":26}},"loc":{"start":{"line":60,"column":36},"end":{"line":60,"column":46}}},"8":{"name":"(anonymous_10)","decl":{"start":{"line":63,"column":9},"end":{"line":63,"column":12}},"loc":{"start":{"line":63,"column":15},"end":{"line":63,"column":24}}},"9":{"name":"(anonymous_11)","decl":{"start":{"line":64,"column":13},"end":{"line":64,"column":16}},"loc":{"start":{"line":64,"column":19},"end":{"line":64,"column":26}}},"10":{"name":"(anonymous_12)","decl":{"start":{"line":64,"column":28},"end":{"line":64,"column":29}},"loc":{"start":{"line":64,"column":42},"end":{"line":64,"column":55}}},"11":{"name":"(anonymous_13)","decl":{"start":{"line":67,"column":9},"end":{"line":67,"column":12}},"loc":{"start":{"line":67,"column":15},"end":{"line":67,"column":22}}},"12":{"name":"(anonymous_14)","decl":{"start":{"line":68,"column":13},"end":{"line":68,"column":16}},"loc":{"start":{"line":68,"column":19},"end":{"line":68,"column":24}}},"13":{"name":"(anonymous_15)","decl":{"start":{"line":68,"column":26},"end":{"line":68,"column":27}},"loc":{"start":{"line":68,"column":38},"end":{"line":68,"column":49}}},"14":{"name":"(anonymous_16)","decl":{"start":{"line":71,"column":9},"end":{"line":71,"column":12}},"loc":{"start":{"line":71,"column":15},"end":{"line":71,"column":21}}},"15":{"name":"(anonymous_17)","decl":{"start":{"line":72,"column":13},"end":{"line":72,"column":16}},"loc":{"start":{"line":72,"column":19},"end":{"line":72,"column":23}}},"16":{"name":"(anonymous_18)","decl":{"start":{"line":72,"column":25},"end":{"line":72,"column":26}},"loc":{"start":{"line":72,"column":35},"end":{"line":72,"column":44}}},"17":{"name":"(anonymous_19)","decl":{"start":{"line":75,"column":9},"end":{"line":75,"column":12}},"loc":{"start":{"line":75,"column":15},"end":{"line":75,"column":23}}},"18":{"name":"(anonymous_20)","decl":{"start":{"line":76,"column":13},"end":{"line":76,"column":16}},"loc":{"start":{"line":76,"column":19},"end":{"line":76,"column":25}}},"19":{"name":"(anonymous_21)","decl":{"start":{"line":76,"column":27},"end":{"line":76,"column":28}},"loc":{"start":{"line":76,"column":39},"end":{"line":76,"column":59}}},"20":{"name":"(anonymous_22)","decl":{"start":{"line":79,"column":9},"end":{"line":79,"column":12}},"loc":{"start":{"line":79,"column":15},"end":{"line":79,"column":23}}},"21":{"name":"(anonymous_23)","decl":{"start":{"line":80,"column":13},"end":{"line":80,"column":16}},"loc":{"start":{"line":80,"column":19},"end":{"line":80,"column":25}}},"22":{"name":"(anonymous_24)","decl":{"start":{"line":80,"column":27},"end":{"line":80,"column":28}},"loc":{"start":{"line":80,"column":39},"end":{"line":80,"column":54}}},"23":{"name":"(anonymous_25)","decl":{"start":{"line":83,"column":13},"end":{"line":83,"column":16}},"loc":{"start":{"line":83,"column":19},"end":{"line":83,"column":31}}},"24":{"name":"(anonymous_26)","decl":{"start":{"line":83,"column":33},"end":{"line":83,"column":34}},"loc":{"start":{"line":83,"column":51},"end":{"line":83,"column":70}}},"25":{"name":"(anonymous_27)","decl":{"start":{"line":86,"column":13},"end":{"line":86,"column":16}},"loc":{"start":{"line":86,"column":19},"end":{"line":86,"column":31}}},"26":{"name":"(anonymous_28)","decl":{"start":{"line":86,"column":33},"end":{"line":86,"column":34}},"loc":{"start":{"line":86,"column":51},"end":{"line":86,"column":72}}}},"branchMap":{"0":{"loc":{"start":{"line":92,"column":4},"end":{"line":104,"column":5}},"type":"if","locations":[{"start":{"line":92,"column":4},"end":{"line":104,"column":5}},{"start":{},"end":{}}]},"1":{"loc":{"start":{"line":92,"column":8},"end":{"line":92,"column":38}},"type":"binary-expr","locations":[{"start":{"line":92,"column":8},"end":{"line":92,"column":19}},{"start":{"line":92,"column":23},"end":{"line":92,"column":38}}]},"2":{"loc":{"start":{"line":93,"column":6},"end":{"line":103,"column":7}},"type":"if","locations":[{"start":{"line":93,"column":6},"end":{"line":103,"column":7}},{"start":{"line":98,"column":13},"end":{"line":103,"column":7}}]},"3":{"loc":{"start":{"line":98,"column":13},"end":{"line":103,"column":7}},"type":"if","locations":[{"start":{"line":98,"column":13},"end":{"line":103,"column":7}},{"start":{},"end":{}}]},"4":{"loc":{"start":{"line":106,"column":4},"end":{"line":111,"column":5}},"type":"if","locations":[{"start":{"line":106,"column":4},"end":{"line":111,"column":5}},{"start":{},"end":{}}]},"5":{"loc":{"start":{"line":106,"column":8},"end":{"line":106,"column":40}},"type":"binary-expr","locations":[{"start":{"line":106,"column":8},"end":{"line":106,"column":20}},{"start":{"line":106,"column":24},"end":{"line":106,"column":40}}]}},"s":{"0":1,"1":1,"2":1,"3":1,"4":1,"5":1,"6":1,"7":1,"8":1,"9":1,"10":1,"11":1,"12":1,"13":1,"14":0,"15":0,"16":0,"17":0,"18":0,"19":0,"20":0,"21":1,"22":1,"23":1,"24":1,"25":1,"26":1,"27":1,"28":0,"29":1,"30":0,"31":1,"32":0,"33":1,"34":0,"35":1,"36":0,"37":0,"38":0,"39":1,"40":0,"41":0,"42":0,"43":1,"44":0,"45":0,"46":0,"47":1,"48":0,"49":0,"50":0,"51":1,"52":0,"53":0,"54":0,"55":1,"56":0,"57":0,"58":0,"59":1,"60":0,"61":0,"62":1,"63":0,"64":0,"65":1,"66":1},"f":{"0":0,"1":0,"2":0,"3":0,"4":0,"5":0,"6":0,"7":0,"8":0,"9":0,"10":0,"11":0,"12":0,"13":0,"14":0,"15":0,"16":0,"17":0,"18":0,"19":0,"20":0,"21":0,"22":0,"23":0,"24":0,"25":0,"26":0},"b":{"0":[0,0],"1":[0,0],"2":[0,0],"3":[0,0],"4":[0,0],"5":[0,0]}}
,"E:\\Projects\\facebook clone\\server\\src\\enums\\emotions.enum.ts": {"path":"E:\\Projects\\facebook clone\\server\\src\\enums\\emotions.enum.ts","statementMap":{"0":{"start":{"line":1,"column":0},"end":{"line":1,"column":48}},"1":{"start":{"line":3,"column":0},"end":{"line":3,"column":null}},"2":{"start":{"line":4,"column":2},"end":{"line":4,"column":null}},"3":{"start":{"line":5,"column":2},"end":{"line":5,"column":null}},"4":{"start":{"line":6,"column":2},"end":{"line":6,"column":null}},"5":{"start":{"line":7,"column":2},"end":{"line":7,"column":null}},"6":{"start":{"line":8,"column":2},"end":{"line":8,"column":null}},"7":{"start":{"line":9,"column":2},"end":{"line":9,"column":null}},"8":{"start":{"line":12,"column":0},"end":{"line":15,"column":3}}},"fnMap":{"0":{"name":"(anonymous_0)","decl":{"start":{"line":3,"column":0},"end":{"line":3,"column":12}},"loc":{"start":{"line":3,"column":20},"end":{"line":10,"column":1}}}},"branchMap":{"0":{"loc":{"start":{"line":3,"column":12},"end":{"line":3,"column":null}},"type":"binary-expr","locations":[{"start":{"line":3,"column":12},"end":{"line":3,"column":20}},{"start":{"line":3,"column":20},"end":{"line":3,"column":null}}]}},"s":{"0":1,"1":1,"2":1,"3":1,"4":1,"5":1,"6":1,"7":1,"8":1},"f":{"0":1},"b":{"0":[1,1]}}
,"E:\\Projects\\facebook clone\\server\\src\\enums\\gender.enum.ts": {"path":"E:\\Projects\\facebook clone\\server\\src\\enums\\gender.enum.ts","statementMap":{"0":{"start":{"line":1,"column":0},"end":{"line":1,"column":48}},"1":{"start":{"line":3,"column":0},"end":{"line":3,"column":null}},"2":{"start":{"line":4,"column":2},"end":{"line":4,"column":null}},"3":{"start":{"line":5,"column":2},"end":{"line":5,"column":null}},"4":{"start":{"line":8,"column":0},"end":{"line":11,"column":3}}},"fnMap":{"0":{"name":"(anonymous_0)","decl":{"start":{"line":3,"column":0},"end":{"line":3,"column":12}},"loc":{"start":{"line":3,"column":18},"end":{"line":6,"column":1}}}},"branchMap":{"0":{"loc":{"start":{"line":3,"column":12},"end":{"line":3,"column":null}},"type":"binary-expr","locations":[{"start":{"line":3,"column":12},"end":{"line":3,"column":18}},{"start":{"line":3,"column":18},"end":{"line":3,"column":null}}]}},"s":{"0":1,"1":1,"2":1,"3":1,"4":1},"f":{"0":1},"b":{"0":[1,1]}}
,"E:\\Projects\\facebook clone\\server\\src\\enums\\notification-type.enum.ts": {"path":"E:\\Projects\\facebook clone\\server\\src\\enums\\notification-type.enum.ts","statementMap":{"0":{"start":{"line":1,"column":0},"end":{"line":1,"column":48}},"1":{"start":{"line":3,"column":0},"end":{"line":3,"column":null}},"2":{"start":{"line":4,"column":4},"end":{"line":4,"column":null}},"3":{"start":{"line":5,"column":4},"end":{"line":5,"column":null}},"4":{"start":{"line":6,"column":4},"end":{"line":6,"column":null}},"5":{"start":{"line":9,"column":0},"end":{"line":12,"column":null}}},"fnMap":{"0":{"name":"(anonymous_0)","decl":{"start":{"line":3,"column":0},"end":{"line":3,"column":12}},"loc":{"start":{"line":3,"column":28},"end":{"line":7,"column":1}}}},"branchMap":{"0":{"loc":{"start":{"line":3,"column":12},"end":{"line":3,"column":null}},"type":"binary-expr","locations":[{"start":{"line":3,"column":12},"end":{"line":3,"column":28}},{"start":{"line":3,"column":28},"end":{"line":3,"column":null}}]}},"s":{"0":1,"1":1,"2":1,"3":1,"4":1,"5":1},"f":{"0":1},"b":{"0":[1,1]}}
,"E:\\Projects\\facebook clone\\server\\src\\enums\\reactType.enum.ts": {"path":"E:\\Projects\\facebook clone\\server\\src\\enums\\reactType.enum.ts","statementMap":{"0":{"start":{"line":1,"column":0},"end":{"line":1,"column":48}},"1":{"start":{"line":3,"column":0},"end":{"line":3,"column":null}},"2":{"start":{"line":4,"column":2},"end":{"line":4,"column":null}},"3":{"start":{"line":5,"column":2},"end":{"line":5,"column":null}},"4":{"start":{"line":8,"column":0},"end":{"line":11,"column":3}}},"fnMap":{"0":{"name":"(anonymous_0)","decl":{"start":{"line":3,"column":0},"end":{"line":3,"column":12}},"loc":{"start":{"line":3,"column":21},"end":{"line":6,"column":1}}}},"branchMap":{"0":{"loc":{"start":{"line":3,"column":12},"end":{"line":3,"column":null}},"type":"binary-expr","locations":[{"start":{"line":3,"column":12},"end":{"line":3,"column":21}},{"start":{"line":3,"column":21},"end":{"line":3,"column":null}}]}},"s":{"0":1,"1":1,"2":1,"3":1,"4":1},"f":{"0":1},"b":{"0":[1,1]}}
,"E:\\Projects\\facebook clone\\server\\src\\enums\\roles.enum.ts": {"path":"E:\\Projects\\facebook clone\\server\\src\\enums\\roles.enum.ts","statementMap":{"0":{"start":{"line":1,"column":0},"end":{"line":1,"column":48}},"1":{"start":{"line":3,"column":0},"end":{"line":3,"column":null}},"2":{"start":{"line":4,"column":2},"end":{"line":4,"column":null}},"3":{"start":{"line":5,"column":2},"end":{"line":5,"column":null}},"4":{"start":{"line":8,"column":0},"end":{"line":11,"column":null}}},"fnMap":{"0":{"name":"(anonymous_0)","decl":{"start":{"line":3,"column":0},"end":{"line":3,"column":12}},"loc":{"start":{"line":3,"column":17},"end":{"line":6,"column":1}}}},"branchMap":{"0":{"loc":{"start":{"line":3,"column":12},"end":{"line":3,"column":null}},"type":"binary-expr","locations":[{"start":{"line":3,"column":12},"end":{"line":3,"column":17}},{"start":{"line":3,"column":17},"end":{"line":3,"column":null}}]}},"s":{"0":1,"1":1,"2":1,"3":1,"4":1},"f":{"0":1},"b":{"0":[1,1]}}
,"E:\\Projects\\facebook clone\\server\\src\\graphql\\interfaceTypes\\IdDate.ts": {"path":"E:\\Projects\\facebook clone\\server\\src\\graphql\\interfaceTypes\\IdDate.ts","statementMap":{"0":{"start":{"line":1,"column":0},"end":{"line":1,"column":56}},"1":{"start":{"line":2,"column":0},"end":{"line":2,"column":null}},"2":{"start":{"line":10,"column":7},"end":{"line":23,"column":null}},"3":{"start":{"line":10,"column":22},"end":{"line":10,"column":28}},"4":{"start":{"line":14,"column":2},"end":{"line":14,"column":null}},"5":{"start":{"line":13,"column":15},"end":{"line":13,"column":17}},"6":{"start":{"line":18,"column":2},"end":{"line":18,"column":null}},"7":{"start":{"line":17,"column":15},"end":{"line":17,"column":19}},"8":{"start":{"line":22,"column":2},"end":{"line":22,"column":null}},"9":{"start":{"line":21,"column":15},"end":{"line":21,"column":19}},"10":{"start":{"line":10,"column":22},"end":{"line":23,"column":null}}},"fnMap":{"0":{"name":"(anonymous_2)","decl":{"start":{"line":13,"column":9},"end":{"line":13,"column":12}},"loc":{"start":{"line":13,"column":15},"end":{"line":13,"column":17}}},"1":{"name":"(anonymous_3)","decl":{"start":{"line":17,"column":9},"end":{"line":17,"column":12}},"loc":{"start":{"line":17,"column":15},"end":{"line":17,"column":19}}},"2":{"name":"(anonymous_4)","decl":{"start":{"line":21,"column":9},"end":{"line":21,"column":12}},"loc":{"start":{"line":21,"column":15},"end":{"line":21,"column":19}}}},"branchMap":{},"s":{"0":1,"1":1,"2":1,"3":1,"4":1,"5":0,"6":1,"7":0,"8":1,"9":0,"10":1},"f":{"0":0,"1":0,"2":0},"b":{}}
,"E:\\Projects\\facebook clone\\server\\src\\graphql\\objectTypes\\mediaObject.ts": {"path":"E:\\Projects\\facebook clone\\server\\src\\graphql\\objectTypes\\mediaObject.ts","statementMap":{"0":{"start":{"line":1,"column":0},"end":{"line":1,"column":49}},"1":{"start":{"line":4,"column":7},"end":{"line":10,"column":null}},"2":{"start":{"line":4,"column":13},"end":{"line":4,"column":28}},"3":{"start":{"line":6,"column":2},"end":{"line":6,"column":null}},"4":{"start":{"line":9,"column":2},"end":{"line":9,"column":null}},"5":{"start":{"line":4,"column":13},"end":{"line":10,"column":null}}},"fnMap":{},"branchMap":{},"s":{"0":1,"1":1,"2":1,"3":1,"4":1,"5":1},"f":{},"b":{}}
,"E:\\Projects\\facebook clone\\server\\src\\mjml\\verificationCode.ts": {"path":"E:\\Projects\\facebook clone\\server\\src\\mjml\\verificationCode.ts","statementMap":{"0":{"start":{"line":1,"column":0},"end":{"line":1,"column":29}},"1":{"start":{"line":2,"column":0},"end":{"line":2,"column":34}},"2":{"start":{"line":3,"column":0},"end":{"line":3,"column":28}},"3":{"start":{"line":5,"column":22},"end":{"line":7,"column":2}},"4":{"start":{"line":9,"column":44},"end":{"line":14,"column":1}},"5":{"start":{"line":10,"column":19},"end":{"line":11,"column":36}},"6":{"start":{"line":12,"column":17},"end":{"line":12,"column":36}},"7":{"start":{"line":13,"column":4},"end":{"line":13,"column":23}},"8":{"start":{"line":9,"column":13},"end":{"line":9,"column":44}}},"fnMap":{"0":{"name":"(anonymous_1)","decl":{"start":{"line":9,"column":44},"end":{"line":9,"column":45}},"loc":{"start":{"line":9,"column":73},"end":{"line":14,"column":1}}}},"branchMap":{},"s":{"0":1,"1":1,"2":1,"3":1,"4":1,"5":0,"6":0,"7":0,"8":1},"f":{"0":0},"b":{}}
,"E:\\Projects\\facebook clone\\server\\src\\utils\\nodemailer.ts": {"path":"E:\\Projects\\facebook clone\\server\\src\\utils\\nodemailer.ts","statementMap":{"0":{"start":{"line":1,"column":0},"end":{"line":1,"column":30}},"1":{"start":{"line":2,"column":0},"end":{"line":2,"column":32}},"2":{"start":{"line":3,"column":0},"end":{"line":3,"column":45}},"3":{"start":{"line":4,"column":0},"end":{"line":4,"column":40}},"4":{"start":{"line":5,"column":0},"end":{"line":5,"column":72}},"5":{"start":{"line":7,"column":0},"end":{"line":7,"column":9}},"6":{"start":{"line":9,"column":45},"end":{"line":9,"column":56}},"7":{"start":{"line":11,"column":20},"end":{"line":17,"column":2}},"8":{"start":{"line":19,"column":24},"end":{"line":33,"column":1}},"9":{"start":{"line":20,"column":25},"end":{"line":20,"column":68}},"10":{"start":{"line":21,"column":4},"end":{"line":31,"column":5}},"11":{"start":{"line":22,"column":21},"end":{"line":22,"column":59}},"12":{"start":{"line":23,"column":8},"end":{"line":28,"column":11}},"13":{"start":{"line":30,"column":8},"end":{"line":30,"column":19}},"14":{"start":{"line":32,"column":4},"end":{"line":32,"column":16}},"15":{"start":{"line":19,"column":13},"end":{"line":19,"column":24}}},"fnMap":{"0":{"name":"(anonymous_0)","decl":{"start":{"line":19,"column":24},"end":{"line":19,"column":29}},"loc":{"start":{"line":19,"column":45},"end":{"line":33,"column":1}}}},"branchMap":{},"s":{"0":1,"1":1,"2":1,"3":1,"4":1,"5":1,"6":1,"7":1,"8":1,"9":0,"10":0,"11":0,"12":0,"13":0,"14":0,"15":1},"f":{"0":0},"b":{}}
}
