TN:
SF:src\entities\comment.entity.ts
FN:20,(anonymous_2)
FN:24,(anonymous_3)
FN:32,(anonymous_4)
FN:36,(anonymous_5)
FN:41,(anonymous_6)
FN:43,(anonymous_7)
FN:43,(anonymous_8)
FN:46,(anonymous_9)
FN:48,(anonymous_10)
FN:48,(anonymous_11)
FN:51,(anonymous_12)
FN:52,(anonymous_13)
FN:52,(anonymous_14)
FNF:13
FNH:0
FNDA:0,(anonymous_2)
FNDA:0,(anonymous_3)
FNDA:0,(anonymous_4)
FNDA:0,(anonymous_5)
FNDA:0,(anonymous_6)
FNDA:0,(anonymous_7)
FNDA:0,(anonymous_8)
FNDA:0,(anonymous_9)
FNDA:0,(anonymous_10)
FNDA:0,(anonymous_11)
FNDA:0,(anonymous_12)
FNDA:0,(anonymous_13)
FNDA:0,(anonymous_14)
DA:1,1
DA:2,1
DA:10,1
DA:11,1
DA:13,1
DA:14,1
DA:15,1
DA:19,1
DA:20,0
DA:22,1
DA:24,0
DA:26,1
DA:30,1
DA:32,0
DA:34,1
DA:36,0
DA:38,1
DA:41,0
DA:43,0
DA:44,1
DA:46,0
DA:48,0
DA:49,1
DA:51,0
DA:52,0
DA:53,1
LF:26
LH:16
BRF:0
BRH:0
end_of_record
TN:
SF:src\entities\follow.entity.ts
FN:10,(anonymous_2)
FN:14,(anonymous_3)
FN:18,(anonymous_4)
FN:23,(anonymous_5)
FN:25,(anonymous_6)
FN:25,(anonymous_7)
FN:28,(anonymous_8)
FN:30,(anonymous_9)
FN:30,(anonymous_10)
FN:33,(anonymous_11)
FN:35,(anonymous_12)
FN:35,(anonymous_13)
FNF:12
FNH:0
FNDA:0,(anonymous_2)
FNDA:0,(anonymous_3)
FNDA:0,(anonymous_4)
FNDA:0,(anonymous_5)
FNDA:0,(anonymous_6)
FNDA:0,(anonymous_7)
FNDA:0,(anonymous_8)
FNDA:0,(anonymous_9)
FNDA:0,(anonymous_10)
FNDA:0,(anonymous_11)
FNDA:0,(anonymous_12)
FNDA:0,(anonymous_13)
DA:1,1
DA:2,1
DA:3,1
DA:4,1
DA:5,1
DA:9,1
DA:10,0
DA:12,1
DA:14,0
DA:16,1
DA:18,0
DA:20,1
DA:23,0
DA:25,0
DA:26,1
DA:28,0
DA:30,0
DA:31,1
DA:33,0
DA:35,0
DA:36,1
LF:21
LH:12
BRF:0
BRH:0
end_of_record
TN:
SF:src\entities\notification.entity.ts
FN:10,(anonymous_2)
FN:14,(anonymous_3)
FN:18,(anonymous_4)
FN:22,(anonymous_5)
FN:27,(anonymous_6)
FN:32,(anonymous_7)
FN:34,(anonymous_8)
FN:34,(anonymous_9)
FN:37,(anonymous_10)
FN:39,(anonymous_11)
FN:39,(anonymous_12)
FNF:11
FNH:0
FNDA:0,(anonymous_2)
FNDA:0,(anonymous_3)
FNDA:0,(anonymous_4)
FNDA:0,(anonymous_5)
FNDA:0,(anonymous_6)
FNDA:0,(anonymous_7)
FNDA:0,(anonymous_8)
FNDA:0,(anonymous_9)
FNDA:0,(anonymous_10)
FNDA:0,(anonymous_11)
FNDA:0,(anonymous_12)
DA:1,1
DA:2,1
DA:3,1
DA:4,1
DA:5,1
DA:9,1
DA:10,0
DA:12,1
DA:14,0
DA:16,1
DA:18,0
DA:20,1
DA:22,0
DA:24,1
DA:27,0
DA:29,1
DA:32,0
DA:34,0
DA:35,1
DA:37,0
DA:39,0
DA:40,1
LF:22
LH:13
BRF:0
BRH:0
end_of_record
TN:
SF:src\entities\page.entity.ts
FN:20,(anonymous_2)
FN:24,(anonymous_3)
FN:32,(anonymous_4)
FN:37,(anonymous_5)
FN:39,(anonymous_6)
FN:39,(anonymous_7)
FN:42,(anonymous_8)
FN:43,(anonymous_9)
FN:43,(anonymous_10)
FN:46,(anonymous_11)
FN:47,(anonymous_12)
FN:47,(anonymous_13)
FNF:12
FNH:0
FNDA:0,(anonymous_2)
FNDA:0,(anonymous_3)
FNDA:0,(anonymous_4)
FNDA:0,(anonymous_5)
FNDA:0,(anonymous_6)
FNDA:0,(anonymous_7)
FNDA:0,(anonymous_8)
FNDA:0,(anonymous_9)
FNDA:0,(anonymous_10)
FNDA:0,(anonymous_11)
FNDA:0,(anonymous_12)
FNDA:0,(anonymous_13)
DA:1,1
DA:2,1
DA:10,1
DA:11,1
DA:13,1
DA:14,1
DA:15,1
DA:19,1
DA:20,0
DA:22,1
DA:24,0
DA:26,1
DA:30,1
DA:32,0
DA:34,1
DA:37,0
DA:39,0
DA:40,1
DA:42,0
DA:43,0
DA:44,1
DA:46,0
DA:47,0
DA:48,1
LF:24
LH:15
BRF:0
BRH:0
end_of_record
TN:
SF:src\entities\post.entity.ts
FN:21,(anonymous_2)
FN:25,(anonymous_3)
FN:29,(anonymous_4)
FN:33,(anonymous_5)
FN:38,(anonymous_6)
FN:43,(anonymous_7)
FN:45,(anonymous_8)
FN:45,(anonymous_9)
FN:48,(anonymous_10)
FN:50,(anonymous_11)
FN:50,(anonymous_12)
FN:53,(anonymous_13)
FN:54,(anonymous_14)
FN:54,(anonymous_15)
FN:57,(anonymous_16)
FN:58,(anonymous_17)
FN:58,(anonymous_18)
FNF:17
FNH:0
FNDA:0,(anonymous_2)
FNDA:0,(anonymous_3)
FNDA:0,(anonymous_4)
FNDA:0,(anonymous_5)
FNDA:0,(anonymous_6)
FNDA:0,(anonymous_7)
FNDA:0,(anonymous_8)
FNDA:0,(anonymous_9)
FNDA:0,(anonymous_10)
FNDA:0,(anonymous_11)
FNDA:0,(anonymous_12)
FNDA:0,(anonymous_13)
FNDA:0,(anonymous_14)
FNDA:0,(anonymous_15)
FNDA:0,(anonymous_16)
FNDA:0,(anonymous_17)
FNDA:0,(anonymous_18)
DA:1,1
DA:2,1
DA:10,1
DA:12,1
DA:13,1
DA:14,1
DA:15,1
DA:16,1
DA:20,1
DA:21,0
DA:23,1
DA:25,0
DA:27,1
DA:29,0
DA:31,1
DA:33,0
DA:35,1
DA:38,0
DA:40,1
DA:43,0
DA:45,0
DA:46,1
DA:48,0
DA:50,0
DA:51,1
DA:53,0
DA:54,0
DA:55,1
DA:57,0
DA:58,0
DA:59,1
LF:31
LH:18
BRF:0
BRH:0
end_of_record
TN:
SF:src\entities\react.entity.ts
FN:13,(anonymous_2)
FN:17,(anonymous_3)
FN:25,(anonymous_4)
FN:29,(anonymous_5)
FN:34,(anonymous_6)
FN:36,(anonymous_7)
FN:36,(anonymous_8)
FN:39,(anonymous_9)
FN:41,(anonymous_10)
FN:41,(anonymous_11)
FN:44,(anonymous_12)
FN:46,(anonymous_13)
FN:46,(anonymous_14)
FNF:13
FNH:0
FNDA:0,(anonymous_2)
FNDA:0,(anonymous_3)
FNDA:0,(anonymous_4)
FNDA:0,(anonymous_5)
FNDA:0,(anonymous_6)
FNDA:0,(anonymous_7)
FNDA:0,(anonymous_8)
FNDA:0,(anonymous_9)
FNDA:0,(anonymous_10)
FNDA:0,(anonymous_11)
FNDA:0,(anonymous_12)
FNDA:0,(anonymous_13)
FNDA:0,(anonymous_14)
DA:1,1
DA:2,1
DA:3,1
DA:4,1
DA:5,1
DA:6,1
DA:7,1
DA:8,1
DA:12,1
DA:13,0
DA:15,1
DA:17,0
DA:19,1
DA:23,1
DA:25,0
DA:27,1
DA:29,0
DA:31,1
DA:34,0
DA:36,0
DA:37,1
DA:39,0
DA:41,0
DA:42,1
DA:44,0
DA:46,0
DA:47,1
LF:27
LH:17
BRF:0
BRH:0
end_of_record
TN:
SF:src\entities\user.entity.ts
FN:91,(anonymous_2)
FN:42,(anonymous_3)
FN:46,(anonymous_4)
FN:50,(anonymous_5)
FN:54,(anonymous_6)
FN:59,(anonymous_7)
FN:60,(anonymous_8)
FN:60,(anonymous_9)
FN:63,(anonymous_10)
FN:64,(anonymous_11)
FN:64,(anonymous_12)
FN:67,(anonymous_13)
FN:68,(anonymous_14)
FN:68,(anonymous_15)
FN:71,(anonymous_16)
FN:72,(anonymous_17)
FN:72,(anonymous_18)
FN:75,(anonymous_19)
FN:76,(anonymous_20)
FN:76,(anonymous_21)
FN:79,(anonymous_22)
FN:80,(anonymous_23)
FN:80,(anonymous_24)
FN:83,(anonymous_25)
FN:83,(anonymous_26)
FN:86,(anonymous_27)
FN:86,(anonymous_28)
FNF:27
FNH:0
FNDA:0,(anonymous_2)
FNDA:0,(anonymous_3)
FNDA:0,(anonymous_4)
FNDA:0,(anonymous_5)
FNDA:0,(anonymous_6)
FNDA:0,(anonymous_7)
FNDA:0,(anonymous_8)
FNDA:0,(anonymous_9)
FNDA:0,(anonymous_10)
FNDA:0,(anonymous_11)
FNDA:0,(anonymous_12)
FNDA:0,(anonymous_13)
FNDA:0,(anonymous_14)
FNDA:0,(anonymous_15)
FNDA:0,(anonymous_16)
FNDA:0,(anonymous_17)
FNDA:0,(anonymous_18)
FNDA:0,(anonymous_19)
FNDA:0,(anonymous_20)
FNDA:0,(anonymous_21)
FNDA:0,(anonymous_22)
FNDA:0,(anonymous_23)
FNDA:0,(anonymous_24)
FNDA:0,(anonymous_25)
FNDA:0,(anonymous_26)
FNDA:0,(anonymous_27)
FNDA:0,(anonymous_28)
DA:1,1
DA:2,1
DA:3,1
DA:4,1
DA:6,1
DA:7,1
DA:8,1
DA:9,1
DA:10,1
DA:11,1
DA:12,1
DA:13,1
DA:15,1
DA:19,1
DA:22,1
DA:26,1
DA:34,1
DA:37,1
DA:40,1
DA:42,0
DA:44,1
DA:46,0
DA:48,1
DA:50,0
DA:52,1
DA:54,0
DA:56,1
DA:59,0
DA:60,0
DA:61,1
DA:63,0
DA:64,0
DA:65,1
DA:67,0
DA:68,0
DA:69,1
DA:71,0
DA:72,0
DA:73,1
DA:75,0
DA:76,0
DA:77,1
DA:79,0
DA:80,0
DA:81,1
DA:83,0
DA:84,1
DA:86,0
DA:87,1
DA:91,1
DA:92,0
DA:93,0
DA:94,0
DA:98,0
DA:99,0
DA:106,0
DA:107,0
LF:57
LH:32
BRDA:92,0,0,0
BRDA:92,0,1,0
BRDA:92,1,0,0
BRDA:92,1,1,0
BRDA:93,2,0,0
BRDA:93,2,1,0
BRDA:98,3,0,0
BRDA:98,3,1,0
BRDA:106,4,0,0
BRDA:106,4,1,0
BRDA:106,5,0,0
BRDA:106,5,1,0
BRF:12
BRH:0
end_of_record
TN:
SF:src\enums\emotions.enum.ts
FN:3,(anonymous_0)
FNF:1
FNH:1
FNDA:1,(anonymous_0)
DA:1,1
DA:3,1
DA:4,1
DA:5,1
DA:6,1
DA:7,1
DA:8,1
DA:9,1
DA:12,1
LF:9
LH:9
BRDA:3,0,0,1
BRDA:3,0,1,1
BRF:2
BRH:2
end_of_record
TN:
SF:src\enums\gender.enum.ts
FN:3,(anonymous_0)
FNF:1
FNH:1
FNDA:1,(anonymous_0)
DA:1,1
DA:3,1
DA:4,1
DA:5,1
DA:8,1
LF:5
LH:5
BRDA:3,0,0,1
BRDA:3,0,1,1
BRF:2
BRH:2
end_of_record
TN:
SF:src\enums\notification-type.enum.ts
FN:3,(anonymous_0)
FNF:1
FNH:1
FNDA:1,(anonymous_0)
DA:1,1
DA:3,1
DA:4,1
DA:5,1
DA:6,1
DA:9,1
LF:6
LH:6
BRDA:3,0,0,1
BRDA:3,0,1,1
BRF:2
BRH:2
end_of_record
TN:
SF:src\enums\reactType.enum.ts
FN:3,(anonymous_0)
FNF:1
FNH:1
FNDA:1,(anonymous_0)
DA:1,1
DA:3,1
DA:4,1
DA:5,1
DA:8,1
LF:5
LH:5
BRDA:3,0,0,1
BRDA:3,0,1,1
BRF:2
BRH:2
end_of_record
TN:
SF:src\enums\roles.enum.ts
FN:3,(anonymous_0)
FNF:1
FNH:1
FNDA:1,(anonymous_0)
DA:1,1
DA:3,1
DA:4,1
DA:5,1
DA:8,1
LF:5
LH:5
BRDA:3,0,0,1
BRDA:3,0,1,1
BRF:2
BRH:2
end_of_record
TN:
SF:src\graphql\interfaceTypes\IdDate.ts
FN:13,(anonymous_2)
FN:17,(anonymous_3)
FN:21,(anonymous_4)
FNF:3
FNH:0
FNDA:0,(anonymous_2)
FNDA:0,(anonymous_3)
FNDA:0,(anonymous_4)
DA:1,1
DA:2,1
DA:10,1
DA:13,0
DA:14,1
DA:17,0
DA:18,1
DA:21,0
DA:22,1
LF:9
LH:6
BRF:0
BRH:0
end_of_record
TN:
SF:src\graphql\objectTypes\mediaObject.ts
FNF:0
FNH:0
DA:1,1
DA:4,1
DA:6,1
DA:9,1
LF:4
LH:4
BRF:0
BRH:0
end_of_record
TN:
SF:src\mjml\verificationCode.ts
FN:9,(anonymous_1)
FNF:1
FNH:0
FNDA:0,(anonymous_1)
DA:1,1
DA:2,1
DA:3,1
DA:5,1
DA:9,1
DA:10,0
DA:12,0
DA:13,0
LF:8
LH:5
BRF:0
BRH:0
end_of_record
TN:
SF:src\utils\nodemailer.ts
FN:19,(anonymous_0)
FNF:1
FNH:0
FNDA:0,(anonymous_0)
DA:1,1
DA:2,1
DA:3,1
DA:4,1
DA:5,1
DA:7,1
DA:9,1
DA:11,1
DA:19,1
DA:20,0
DA:21,0
DA:22,0
DA:23,0
DA:30,0
DA:32,0
LF:15
LH:9
BRF:0
BRH:0
end_of_record
